16/09/17 11:51:01 -> mvc/mvc-columns -> 0
16/09/17 11:51:01 -> mvc/mvc-complete -> 0
16/09/17 11:51:01 -> mvc/mvc-usertypes -> 0
16/09/17 11:51:01 -> mvc/mvc-constraints -> 0
 -> Started a new suite
16/09/17 11:54:03 -> mvc/mvc-columns -> 0
16/09/17 11:54:03 -> mvc/mvc-complete -> 0
16/09/17 11:54:03 -> mvc/mvc-usertypes -> 0
16/09/17 11:54:03 -> mvc/mvc-constraints -> 0
16/09/17 11:54:03 -> Ended the suite
16/09/17 11:54:38 -> Started a new suite
16/09/17 11:54:38 -> mvc/mvc-columns -> 0
16/09/17 11:54:39 -> mvc/mvc-complete -> 1
16/09/17 11:54:39 -> mvc/mvc-usertypes -> 0
16/09/17 11:54:39 -> mvc/mvc-constraints -> 0
16/09/17 11:54:39 -> Ended the suite
16/09/17 11:54:55 -> Started a new suite
16/09/17 11:54:55 -> mvc/mvc-columns -> 0
16/09/17 11:54:55 -> mvc/mvc-complete -> 0
16/09/17 11:54:55 -> mvc/mvc-usertypes -> 0
16/09/17 11:54:56 -> mvc/mvc-constraints -> 1
16/09/17 11:54:56 -> Ended the suite

16/09/17 11:54:58 -> Started a new suite
16/09/17 11:54:58 -> mvc/mvc-columns -> 0
16/09/17 11:54:58 -> mvc/mvc-complete -> 0
16/09/17 11:54:58 -> mvc/mvc-usertypes -> 0
16/09/17 11:54:58 -> mvc/mvc-constraints -> 0
16/09/17 11:54:58 -> Ended the suite

16/09/17 11:55:03 -> Started a new suite
16/09/17 11:55:03 -> mvc/mvc-columns -> 0
16/09/17 11:55:03 -> mvc/mvc-complete -> 0
16/09/17 11:55:03 -> mvc/mvc-usertypes -> 0
16/09/17 11:55:04 -> mvc/mvc-constraints -> 1
16/09/17 11:55:04 -> Ended the suite

16/09/17 11:55:43 -> Started a new suite
16/09/17 11:55:46 -> mvc/mvc-columns -> 3
16/09/17 11:55:55 -> mvc/mvc-complete -> 9
16/09/17 11:56:02 -> mvc/mvc-usertypes -> 7
16/09/17 11:56:05 -> mvc/mvc-constraints -> 3
16/09/17 11:56:05 -> Ended the suite

16/09/17 11:56:39 -> Started a new suite
16/09/17 11:56:39 -> mvc/mvc-columns -> 0
16/09/17 11:56:39 -> mvc/mvc-complete -> 0
16/09/17 11:56:39 -> mvc/mvc-usertypes -> 0
16/09/17 11:56:39 -> mvc/mvc-constraints -> 0
16/09/17 11:56:39 -> Ended the suite

16/09/17 11:59:39 -> Started a new suite
16/09/17 11:59:39 -> mvc/mvc-columns -> 0
16/09/17 11:59:39 -> mvc/mvc-complete -> 0
16/09/17 11:59:39 -> mvc/mvc-usertypes -> 0
16/09/17 11:59:39 -> mvc/mvc-constraints -> 0
16/09/17 11:59:39 -> Ended the suite

16/09/17 12:00:48 -> Started a new suite
16/09/17 12:00:48 -> mvc/mvc-columns -> 0
16/09/17 12:00:49 -> mvc/mvc-complete -> 1
16/09/17 12:00:49 -> mvc/mvc-usertypes -> 0
16/09/17 12:00:49 -> mvc/mvc-constraints -> 0
16/09/17 12:00:49 -> Ended the suite

16/09/17 12:01:23 -> Started a new suite
16/09/17 12:01:23 -> mvc/mvc-columns -> 0
16/09/17 12:01:23 -> mvc/mvc-complete -> 0
16/09/17 12:01:23 -> mvc/mvc-usertypes -> 0
16/09/17 12:01:23 -> mvc/mvc-constraints -> 0
16/09/17 12:01:23 -> Ended the suite

16/09/17 12:01:42 -> Started a new suite
16/09/17 12:01:42 -> mvc/mvc-columns -> 0
16/09/17 12:01:42 -> mvc/mvc-complete -> 0
16/09/17 12:01:42 -> mvc/mvc-usertypes -> 0
16/09/17 12:01:42 -> mvc/mvc-constraints -> 0
16/09/17 12:01:43 -> Ended the suite

16/09/17 12:04:37 -> Started a new suite
16/09/17 12:04:37 -> mvc/mvc-columns -> 0
16/09/17 12:04:37 -> mvc/mvc-complete -> 0
16/09/17 12:04:37 -> mvc/mvc-usertypes -> 0
16/09/17 12:04:37 -> mvc/mvc-constraints -> 0
16/09/17 12:04:37 -> Ended the suite

16/09/17 12:04:48 -> Started a new suite
16/09/17 12:04:48 -> mvc/mvc-columns -> 0
16/09/17 12:04:48 -> mvc/mvc-complete -> 0
16/09/17 12:04:48 -> mvc/mvc-usertypes -> 0
16/09/17 12:04:48 -> mvc/mvc-constraints -> 0
16/09/17 12:04:48 -> Ended the suite

03/10/17 08:15:49 -> Started a new suite
03/10/17 08:15:50 -> mvc/mvc-columns -> 1
03/10/17 08:15:50 -> mvc/mvc-complete -> 0
03/10/17 08:15:50 -> mvc/mvc-usertypes -> 0
03/10/17 08:15:50 -> mvc/mvc-constraints -> 0
03/10/17 08:15:50 -> Ended the suite

03/10/17 08:16:13 -> Started a new suite
03/10/17 08:16:13 -> mvc/mvc-columns -> 0
03/10/17 08:16:13 -> mvc/mvc-complete -> 0
03/10/17 08:16:13 -> mvc/mvc-usertypes -> 0
03/10/17 08:16:13 -> mvc/mvc-constraints -> 0
03/10/17 08:16:13 -> Ended the suite

03/10/17 08:20:10 -> Started a new suite
03/10/17 08:20:10 -> mvc/mvc-columns -> 0
03/10/17 08:20:10 -> mvc/mvc-complete -> 0
03/10/17 08:20:10 -> mvc/mvc-usertypes -> 0
03/10/17 08:20:11 -> mvc/mvc-constraints -> 1
03/10/17 08:20:11 -> Ended the suite

03/10/17 08:20:27 -> Started a new suite
03/10/17 08:20:27 -> mvc/mvc-columns -> 0
03/10/17 08:20:27 -> mvc/mvc-complete -> 0
03/10/17 08:20:28 -> mvc/mvc-usertypes -> 1
03/10/17 08:20:28 -> mvc/mvc-constraints -> 0
03/10/17 08:20:28 -> Ended the suite

03/10/17 08:20:48 -> Started a new suite
03/10/17 08:20:48 -> mvc/mvc-columns -> 0
03/10/17 08:20:48 -> mvc/mvc-complete -> 0
03/10/17 08:20:48 -> mvc/mvc-usertypes -> 0
03/10/17 08:20:48 -> mvc/mvc-constraints -> 0
03/10/17 08:20:48 -> Ended the suite

03/10/17 08:27:36 -> Started a new suite
03/10/17 08:27:36 -> mvc/mvc-columns -> 0
03/10/17 08:27:37 -> mvc/mvc-complete -> 1
03/10/17 08:27:37 -> mvc/mvc-usertypes -> 0
03/10/17 08:27:37 -> mvc/mvc-constraints -> 0
03/10/17 08:27:37 -> Ended the suite

03/10/17 08:27:55 -> Started a new suite
03/10/17 08:27:55 -> mvc/mvc-columns -> 0
03/10/17 08:27:55 -> mvc/mvc-complete -> 0
03/10/17 08:27:55 -> mvc/mvc-usertypes -> 0
03/10/17 08:27:55 -> mvc/mvc-constraints -> 0
03/10/17 08:27:55 -> Ended the suite

03/10/17 09:17:13 -> Started a new suite
03/10/17 09:17:13 -> mvc/mvc-columns -> 0
03/10/17 09:17:31 -> Started a new suite
03/10/17 09:17:31 -> mvc/mvc-columns -> 0
03/10/17 09:17:41 -> mvc/mvc-complete -> 10
03/10/17 09:18:14 -> Started a new suite
03/10/17 09:18:15 -> mvc/mvc-complete -> 1
03/10/17 09:18:15 -> Ended the suite

03/10/17 09:18:57 -> Started a new suite
03/10/17 09:18:58 -> mvc/mvc-complete -> 1
03/10/17 09:18:58 -> Ended the suite

03/10/17 09:19:11 -> Started a new suite
03/10/17 09:19:13 -> mvc/mvc-complete -> 2
03/10/17 09:19:13 -> Ended the suite

03/10/17 09:19:27 -> Started a new suite
03/10/17 09:19:28 -> mvc/mvc-complete -> 1
03/10/17 09:19:29 -> Ended the suite

03/10/17 09:19:48 -> Started a new suite
03/10/17 09:19:50 -> mvc/mvc-complete -> 2
03/10/17 09:19:50 -> Ended the suite

03/10/17 09:20:06 -> Started a new suite
03/10/17 09:20:07 -> mvc/mvc-complete -> 1
03/10/17 09:20:07 -> Ended the suite

03/10/17 09:20:51 -> Started a new suite
03/10/17 09:20:53 -> mvc/mvc-complete -> 2
03/10/17 09:20:53 -> Ended the suite

03/10/17 09:21:43 -> Started a new suite
03/10/17 09:21:45 -> mvc/mvc-complete -> 2
03/10/17 09:21:45 -> Ended the suite

03/10/17 09:22:08 -> Started a new suite
03/10/17 09:22:10 -> mvc/mvc-complete -> 2
03/10/17 09:22:10 -> Ended the suite

03/10/17 09:22:25 -> Started a new suite
03/10/17 09:22:26 -> mvc/mvc-complete -> 1
03/10/17 09:22:26 -> Ended the suite

04/10/17 16:18:26 -> Started a new suite
04/10/17 16:18:38 -> mvc/mvc-complete -> 12
04/10/17 16:18:38 -> Ended the suite

04/10/17 16:19:02 -> Started a new suite
04/10/17 16:19:03 -> mvc/mvc-complete -> 1
04/10/17 16:19:04 -> Ended the suite

04/10/17 16:20:30 -> Started a new suite
04/10/17 16:20:32 -> mvc/mvc-complete -> 2
04/10/17 16:20:32 -> Ended the suite

04/10/17 16:30:50 -> Started a new suite
04/10/17 16:30:51 -> mvc/mvc-complete -> 1
04/10/17 16:30:51 -> Ended the suite

04/10/17 16:31:42 -> Started a new suite
04/10/17 16:31:43 -> mvc/mvc-complete -> 1
04/10/17 16:31:43 -> Ended the suite

04/10/17 16:32:06 -> Started a new suite
04/10/17 16:32:07 -> mvc/mvc-complete -> 1
04/10/17 16:32:07 -> Ended the suite

04/10/17 16:32:43 -> Started a new suite
04/10/17 16:32:45 -> mvc/mvc-complete -> 2
04/10/17 16:32:45 -> Ended the suite

04/10/17 16:32:58 -> Started a new suite
04/10/17 16:32:59 -> mvc/mvc-complete -> 1
04/10/17 16:32:59 -> Ended the suite

04/10/17 16:33:11 -> Started a new suite
04/10/17 16:33:12 -> mvc/mvc-complete -> 1
04/10/17 16:33:12 -> Ended the suite

04/10/17 16:39:56 -> Started a new suite
04/10/17 16:39:57 -> mvc/mvc-complete -> 1
04/10/17 16:39:57 -> Ended the suite

04/10/17 16:40:29 -> Started a new suite
04/10/17 16:40:31 -> mvc/mvc-complete -> 2
04/10/17 16:40:31 -> Ended the suite

04/10/17 16:40:44 -> Started a new suite
04/10/17 16:40:45 -> mvc/mvc-complete -> 1
04/10/17 16:40:45 -> Ended the suite

04/10/17 16:41:27 -> Started a new suite
04/10/17 16:41:28 -> mvc/mvc-complete -> 1
04/10/17 16:41:28 -> Ended the suite

04/10/17 16:57:29 -> Started a new suite
04/10/17 16:57:31 -> mvc/mvc-complete -> 2
04/10/17 16:57:31 -> Ended the suite

04/10/17 16:57:45 -> Started a new suite
04/10/17 16:57:47 -> mvc/mvc-complete -> 2
04/10/17 16:57:47 -> Ended the suite

05/10/17 11:24:16 -> Started a new suite
05/10/17 11:24:30 -> mvc/mvc-complete -> 14
05/10/17 11:24:30 -> Ended the suite

09/10/17 12:26:02 -> Started a new suite
09/10/17 12:26:02 -> mvc/mvc-complete -> 0
09/10/17 12:26:02 -> Ended the suite

09/10/17 12:26:15 -> Started a new suite
09/10/17 12:26:25 -> mvc/mvc-complete -> 10
09/10/17 12:26:25 -> Ended the suite

09/10/17 12:26:57 -> Started a new suite
09/10/17 12:26:58 -> mvc/mvc-complete -> 1
09/10/17 12:26:58 -> Ended the suite

09/10/17 12:27:28 -> Started a new suite
09/10/17 12:27:28 -> mvc/mvc-complete -> 0
09/10/17 12:27:28 -> Ended the suite

09/10/17 12:27:59 -> Started a new suite
09/10/17 12:27:59 -> mvc/mvc-complete -> 0
09/10/17 12:27:59 -> Ended the suite

09/10/17 12:28:05 -> Started a new suite
09/10/17 12:28:05 -> mvc/mvc-complete -> 0
09/10/17 12:28:05 -> Ended the suite

09/10/17 12:28:15 -> Started a new suite
09/10/17 12:28:15 -> mvc/mvc-complete -> 0
09/10/17 12:28:15 -> Ended the suite

09/10/17 12:28:40 -> Started a new suite
09/10/17 12:28:40 -> mvc/mvc-complete -> 0
09/10/17 12:28:40 -> Ended the suite

09/10/17 12:29:18 -> Started a new suite
09/10/17 12:29:26 -> mvc/mvc-complete -> 8
09/10/17 12:29:26 -> Ended the suite

09/10/17 12:36:47 -> Started a new suite
09/10/17 12:36:47 -> mvc/mvc-complete -> 0
09/10/17 12:36:47 -> Ended the suite

11/10/17 14:17:29 -> Started a new suite
11/10/17 14:17:44 -> mvc/mvc-complete -> 15
11/10/17 14:17:44 -> Ended the suite

11/10/17 14:38:30 -> Started a new suite
11/10/17 14:38:31 -> mvc/mvc-complete -> 1
11/10/17 14:38:31 -> Ended the suite

11/10/17 14:40:29 -> Started a new suite
11/10/17 14:41:35 -> mvc/mvc-complete -> 66
11/10/17 14:41:35 -> Ended the suite

11/10/17 14:43:13 -> Started a new suite
11/10/17 14:43:21 -> mvc/mvc-complete -> 8
11/10/17 14:43:21 -> Ended the suite

11/10/17 14:49:56 -> Started a new suite
11/10/17 14:50:02 -> mvc/mvc-complete -> 6
11/10/17 14:50:02 -> Ended the suite

11/10/17 14:51:32 -> Started a new suite
11/10/17 14:51:39 -> mvc/mvc-complete -> 7
11/10/17 14:51:39 -> Ended the suite

11/10/17 14:52:26 -> Started a new suite
11/10/17 14:52:33 -> mvc/mvc-complete -> 7
11/10/17 14:52:33 -> Ended the suite

11/10/17 14:53:49 -> Started a new suite
11/10/17 14:53:56 -> mvc/mvc-complete -> 7
11/10/17 14:53:56 -> Ended the suite

11/10/17 14:55:23 -> Started a new suite
11/10/17 14:59:33 -> mvc/mvc-complete -> 250
11/10/17 14:59:34 -> Ended the suite

11/10/17 15:07:52 -> Started a new suite
11/10/17 15:12:02 -> mvc/mvc-complete -> 250
11/10/17 15:12:02 -> Ended the suite

11/10/17 15:13:16 -> Started a new suite
11/10/17 15:13:21 -> mvc/mvc-complete -> 5
11/10/17 15:13:21 -> Ended the suite

11/10/17 15:13:51 -> Started a new suite
11/10/17 15:13:55 -> mvc/mvc-complete -> 4
11/10/17 15:13:55 -> Ended the suite

11/10/17 15:31:32 -> Started a new suite
11/10/17 15:35:35 -> mvc/mvc-complete -> 243
11/10/17 15:35:35 -> Ended the suite

